18:49:12 **** Build of configuration Nios II for project print_data ****
make all 
Info: Building ../print_data_bsp/
C:/Software/intelFPGA_lite/18.1/nios2eds/bin/gnu/H-x86_64-mingw32/bin/make --no-print-directory -C ../print_data_bsp/
[BSP build complete]
Info: Linking print_data.elf
nios2-elf-g++  -T'../print_data_bsp//linker.x' -msys-crt0='../print_data_bsp//obj/HAL/src/crt0.o' -msys-lib=hal_bsp -L../print_data_bsp/   -Wl,-Map=print_data.map   -O0 -g -Wall   -mno-hw-div -mno-hw-mul -mno-hw-mulx -mgpopt=global  -o print_data.elf  -lm -msys-lib=m
c:/software/intelfpga_lite/18.1/nios2eds/bin/gnu/h-x86_64-mingw32/bin/../lib/gcc/nios2-elf/5.3.0/../../../../../H-x86_64-mingw32/nios2-elf/bin/ld.exe: print_data.elf section `.text' will not fit in region `onchip_memory2_0'
c:/software/intelfpga_lite/18.1/nios2eds/bin/gnu/h-x86_64-mingw32/bin/../lib/gcc/nios2-elf/5.3.0/../../../../../H-x86_64-mingw32/nios2-elf/bin/ld.exe: address 0x5b30 of print_data.elf section `.rwdata' is not within region `onchip_memory2_0'
c:/software/intelfpga_lite/18.1/nios2eds/bin/gnu/h-x86_64-mingw32/bin/../lib/gcc/nios2-elf/5.3.0/../../../../../H-x86_64-mingw32/nios2-elf/bin/ld.exe: address 0x72a8 of print_data.elf section `.bss' is not within region `onchip_memory2_0'
c:/software/intelfpga_lite/18.1/nios2eds/bin/gnu/h-x86_64-mingw32/bin/../lib/gcc/nios2-elf/5.3.0/../../../../../H-x86_64-mingw32/nios2-elf/bin/ld.exe: address 0x5b30 of print_data.elf section `.rwdata' is not within region `onchip_memory2_0'
c:/software/intelfpga_lite/18.1/nios2eds/bin/gnu/h-x86_64-mingw32/bin/../lib/gcc/nios2-elf/5.3.0/../../../../../H-x86_64-mingw32/nios2-elf/bin/ld.exe: address 0x72a8 of print_data.elf section `.bss' is not within region `onchip_memory2_0'
c:/software/intelfpga_lite/18.1/nios2eds/bin/gnu/h-x86_64-mingw32/bin/../lib/gcc/nios2-elf/5.3.0/../../../../../H-x86_64-mingw32/nios2-elf/bin/ld.exe: region `onchip_memory2_0' overflowed by 12968 bytes
../print_data_bsp/\libhal_bsp.a(alt_main.o): In function `alt_main':
C:\Users\Gertjan\OneDrive\Projects\Courses_FPGA\TESTING\CAMERA\software\print_data_bsp/HAL/src/alt_main.c:154: undefined reference to `main'
collect2.exe: error: ld returned 1 exit status
make: *** [print_data.elf] Error 1

18:49:13 Build Finished (took 1s.305ms)

